<?xml version="1.0" encoding="UTF-8"?>
<!-- Generated by org.testng.reporters.JUnitReportReporter -->
<testsuite hostname="DESKTOP-MBJVQGU" failures="0" tests="2" name="vinay.Mevenjava.RestAPITest" time="0.002" errors="0" timestamp="2022-05-30T19:00:51 IST" skipped="0">
  <testcase classname="vinay.Mevenjava.RestAPITest" name="postjira" time="0.001"/>
  <system-out/>
  <testcase classname="vinay.Mevenjava.RestAPITest" name="deletetwi" time="0.001"/>
  <system-out/>
</testsuite> <!-- vinay.Mevenjava.RestAPITest -->
