<?xml version="1.0" encoding="UTF-8"?>
<!-- Generated by org.testng.reporters.JUnitReportReporter -->
<testsuite hostname="DESKTOP-MBJVQGU" failures="0" tests="2" name="vinay.Mevenjava.seleniumTest" time="0.002" errors="0" timestamp="2022-05-30T18:07:52 IST" skipped="0">
  <testcase classname="vinay.Mevenjava.seleniumTest" name="broweserAuto" time="0.001"/>
  <system-out/>
  <testcase classname="vinay.Mevenjava.seleniumTest" name="elements" time="0.001"/>
  <system-out/>
</testsuite> <!-- vinay.Mevenjava.seleniumTest -->
