<?xml version="1.0" encoding="UTF-8"?>
<!-- Generated by org.testng.reporters.JUnitReportReporter -->
<testsuite hostname="DESKTOP-MBJVQGU" failures="0" tests="2" name="vinay.Mevenjava.ApiumTest" time="0.011" errors="0" timestamp="2022-05-30T19:00:51 IST" skipped="0">
  <testcase classname="vinay.Mevenjava.ApiumTest" name="nativeAndroid" time="0.001"/>
  <system-out/>
  <testcase classname="vinay.Mevenjava.ApiumTest" name="IOSapp" time="0.010"/>
  <system-out/>
</testsuite> <!-- vinay.Mevenjava.ApiumTest -->
